<?xml version="1.0" encoding="UTF-8"?>
<testsuite xmlns:xsi="http://www.w3.org/2001/XMLSchema-instance" xsi:noNamespaceSchemaLocation="https://maven.apache.org/surefire/maven-surefire-plugin/xsd/surefire-test-report-3.0.xsd" version="3.0" name="com.tatiane.centralpedidosnotificacoes.automation.NotificacaoConsumerKafkaTest" time="0.327" tests="1" errors="1" skipped="0" failures="0">
  <properties>
[...]
</properties>
  <testcase name="deveProcessarMensagemDeConfirmacao" classname="com.tatiane.centralpedidosnotificacoes.automation.NotificacaoConsumerKafkaTest" time="0.012">
    <error message="No ParameterResolver registered for parameter [final com.tatiane.centralpedidosnotificacoes.service.impl.EmailService emailService] in constructor [public com.tatiane.centralpedidosnotificacoes.automation.NotificacaoConsumerKafkaTest(com.tatiane.centralpedidosnotificacoes.service.impl.EmailService,com.tatiane.centralpedidosnotificacoes.repository.EventoProcessadoRepository)]." type="org.junit.jupiter.api.extension.ParameterResolutionException"><![CDATA[org.junit.jupiter.api.extension.ParameterResolutionException: No ParameterResolver registered for parameter [final com.tatiane.centralpedidosnotificacoes.service.impl.EmailService emailService] in constructor [public com.tatiane.centralpedidosnotificacoes.automation.NotificacaoConsumerKafkaTest(com.tatiane.centralpedidosnotificacoes.service.impl.EmailService,com.tatiane.centralpedidosnotificacoes.repository.EventoProcessadoRepository)].
	at java.base/java.util.Optional.orElseGet(Optional.java:364)
	at java.base/java.util.ArrayList.forEach(ArrayList.java:1511)
	at java.base/java.util.ArrayList.forEach(ArrayList.java:1511)
]]></error>
    <system-out><![CDATA[19:45:23.780 [main] INFO kafka.utils.Log4jControllerRegistration$ -- Registered kafka:type=kafka.Log4jController MBean
19:45:23.804 [main] INFO org.apache.zookeeper.common.X509Util -- Setting -D jdk.tls.rejectClientInitiatedRenegotiation=true to disable client-initiated TLS renegotiation
19:45:24.027 [kafka-cluster-test-kit-executor-1] INFO kafka.server.ControllerServer -- Formatting C:\Users\tatia\AppData\Local\Temp\kafka-746147831469835835\controller_0 with metadata.version 3.3-IV0.
19:45:24.029 [kafka-cluster-test-kit-executor-2] INFO kafka.server.ControllerServer -- [ControllerServer id=0] Starting controller
19:45:24.029 [kafka-cluster-test-kit-executor-3] INFO kafka.server.BrokerServer -- [BrokerServer id=0] Transition from SHUTDOWN to STARTING
19:45:24.036 [kafka-cluster-test-kit-executor-3] INFO kafka.server.SharedServer -- [SharedServer id=0] Starting SharedServer
19:45:24.068 [kafka-cluster-test-kit-executor-2] INFO org.apache.kafka.server.network.EndpointReadyFutures -- authorizerStart completed for endpoint CONTROLLER. Endpoint is now READY.
19:45:24.164 [kafka-cluster-test-kit-executor-3] INFO kafka.log.UnifiedLog$ -- [LogLoader partition=__cluster_metadata-0, dir=C:\Users\tatia\AppData\Local\Temp\kafka-746147831469835835\controller_0] Loading producer state till offset 0 with message format version 2
19:45:24.164 [kafka-cluster-test-kit-executor-3] INFO kafka.log.UnifiedLog$ -- [LogLoader partition=__cluster_metadata-0, dir=C:\Users\tatia\AppData\Local\Temp\kafka-746147831469835835\controller_0] Reloading from producer snapshot and rebuilding producer state from offset 0
19:45:24.165 [kafka-cluster-test-kit-executor-3] INFO kafka.log.UnifiedLog$ -- [LogLoader partition=__cluster_metadata-0, dir=C:\Users\tatia\AppData\Local\Temp\kafka-746147831469835835\controller_0] Producer state recovery took 0ms for snapshot load and 0ms for segment recovery from offset 0
19:45:24.218 [kafka-cluster-test-kit-executor-3] INFO kafka.raft.KafkaMetadataLog$ -- Initialized snapshots with IDs SortedSet() from C:\Users\tatia\AppData\Local\Temp\kafka-746147831469835835\controller_0\__cluster_metadata-0
19:45:24.326 [raft-expiration-reaper] INFO kafka.raft.TimingWheelExpirationService$ExpiredOperationReaper -- [raft-expiration-reaper]: Starting
19:45:24.621 [kafka-cluster-test-kit-executor-2] INFO kafka.network.ConnectionQuotas -- Updated connection-accept-rate max connection creation rate to 2147483647
19:45:24.627 [kafka-cluster-test-kit-executor-3] INFO org.apache.kafka.raft.QuorumState -- [RaftManager id=0] Completed transition to Unattached(epoch=0, voters=[0], electionTimeoutMs=1273) from null
19:45:24.637 [kafka-cluster-test-kit-executor-3] INFO org.apache.kafka.raft.QuorumState -- [RaftManager id=0] Completed transition to CandidateState(localId=0, epoch=1, retries=1, voteStates={0=GRANTED}, highWatermark=Optional.empty, electionTimeoutMs=1027) from Unattached(epoch=0, voters=[0], electionTimeoutMs=1273)
19:45:24.639 [kafka-cluster-test-kit-executor-2] INFO kafka.network.DataPlaneAcceptor -- Awaiting socket connections on localhost:62030.
19:45:24.640 [kafka-cluster-test-kit-executor-2] INFO kafka.network.DataPlaneAcceptor -- Opened wildcard endpoint localhost:62030
19:45:24.646 [kafka-cluster-test-kit-executor-3] INFO org.apache.kafka.raft.QuorumState -- [RaftManager id=0] Completed transition to Leader(localId=0, epoch=1, epochStartOffset=0, highWatermark=Optional.empty, voterStates={0=ReplicaState(nodeId=0, endOffset=Optional.empty, lastFetchTimestamp=-1, lastCaughtUpTimestamp=-1, hasAcknowledgedLeader=true)}) from CandidateState(localId=0, epoch=1, retries=1, voteStates={0=GRANTED}, highWatermark=Optional.empty, electionTimeoutMs=1027)
19:45:24.683 [kafka-cluster-test-kit-executor-2] INFO kafka.network.SocketServer -- [SocketServer listenerType=CONTROLLER, nodeId=0] Created data-plane acceptor and processors for endpoint : ListenerName(CONTROLLER)
19:45:24.689 [kafka-0-raft-io-thread] INFO kafka.raft.KafkaRaftManager$RaftIoThread -- [kafka-0-raft-io-thread]: Starting
19:45:24.689 [kafka-0-raft-outbound-request-thread] INFO kafka.raft.RaftSendThread -- [kafka-0-raft-outbound-request-thread]: Starting
19:45:24.720 [kafka-0-raft-io-thread] INFO org.apache.kafka.raft.LeaderState -- [RaftManager id=0] High watermark set to LogOffsetMetadata(offset=1, metadata=Optional[(segmentBaseOffset=0,relativePositionInSegment=91)]) for the first time for epoch 1 based on indexOfHw 0 and voters [ReplicaState(nodeId=0, endOffset=Optional[LogOffsetMetadata(offset=1, metadata=Optional[(segmentBaseOffset=0,relativePositionInSegment=91)])], lastFetchTimestamp=-1, lastCaughtUpTimestamp=-1, hasAcknowledgedLeader=true)]
19:45:24.730 [kafka-0-metadata-loader-event-handler] INFO org.apache.kafka.image.loader.MetadataLoader -- [MetadataLoader id=0] initializeNewPublishers: The loader is still catching up because we have loaded up to offset -1, but the high water mark is 1
19:45:24.732 [kafka-cluster-test-kit-executor-3] INFO kafka.server.BrokerServer -- [BrokerServer id=0] Starting broker
19:45:24.737 [kafka-cluster-test-kit-executor-2] INFO kafka.server.ControllerServer -- [ControllerServer id=0] Waiting for controller quorum voters future
19:45:24.738 [kafka-cluster-test-kit-executor-2] INFO kafka.server.ControllerServer -- [ControllerServer id=0] Finished waiting for controller quorum voters future
19:45:24.748 [kafka-0-raft-io-thread] INFO org.apache.kafka.raft.KafkaRaftClient -- [RaftManager id=0] Registered the listener org.apache.kafka.image.loader.MetadataLoader@651022728
19:45:24.782 [kafka-0-metadata-loader-event-handler] INFO org.apache.kafka.image.loader.MetadataLoader -- [MetadataLoader id=0] maybePublishMetadata(LOG_DELTA): The loader is still catching up because we have not loaded a controller record as of offset 0 and high water mark is 1
19:45:24.791 [broker-0-ThrottledChannelReaper-Fetch] INFO kafka.server.ClientQuotaManager$ThrottledChannelReaper -- [broker-0-ThrottledChannelReaper-Fetch]: Starting
19:45:24.793 [broker-0-ThrottledChannelReaper-Produce] INFO kafka.server.ClientQuotaManager$ThrottledChannelReaper -- [broker-0-ThrottledChannelReaper-Produce]: Starting
19:45:24.794 [broker-0-ThrottledChannelReaper-Request] INFO kafka.server.ClientQuotaManager$ThrottledChannelReaper -- [broker-0-ThrottledChannelReaper-Request]: Starting
19:45:24.797 [broker-0-ThrottledChannelReaper-ControllerMutation] INFO kafka.server.ClientQuotaManager$ThrottledChannelReaper -- [broker-0-ThrottledChannelReaper-ControllerMutation]: Starting
19:45:24.813 [kafka-cluster-test-kit-executor-3] INFO kafka.log.LogManager -- Log directory C:\Users\tatia\AppData\Local\Temp\kafka-746147831469835835\broker_0_data0 not found, creating it.
19:45:24.816 [kafka-cluster-test-kit-executor-2] INFO org.apache.kafka.controller.QuorumController -- [QuorumController id=0] Creating new QuorumController with clusterId k0xBsOpRT4O6noGSJjkMfA.
19:45:24.816 [kafka-0-raft-io-thread] INFO org.apache.kafka.raft.KafkaRaftClient -- [RaftManager id=0] Registered the listener org.apache.kafka.controller.QuorumController$QuorumMetaLogListener@2048611976
19:45:24.817 [controller-0-ThrottledChannelReaper-Fetch] INFO kafka.server.ClientQuotaManager$ThrottledChannelReaper -- [controller-0-ThrottledChannelReaper-Fetch]: Starting
19:45:24.817 [controller-0-ThrottledChannelReaper-ControllerMutation] INFO kafka.server.ClientQuotaManager$ThrottledChannelReaper -- [controller-0-ThrottledChannelReaper-ControllerMutation]: Starting
19:45:24.817 [controller-0-ThrottledChannelReaper-Produce] INFO kafka.server.ClientQuotaManager$ThrottledChannelReaper -- [controller-0-ThrottledChannelReaper-Produce]: Starting
19:45:24.817 [controller-0-ThrottledChannelReaper-Request] INFO kafka.server.ClientQuotaManager$ThrottledChannelReaper -- [controller-0-ThrottledChannelReaper-Request]: Starting
19:45:24.820 [quorum-controller-0-event-handler] INFO org.apache.kafka.controller.QuorumController -- [QuorumController id=0] Becoming the active controller at epoch 1, next write offset 1.
19:45:24.825 [kafka-cluster-test-kit-executor-3] INFO kafka.server.BrokerServer -- [BrokerServer id=0] Waiting for controller quorum voters future
19:45:24.825 [kafka-cluster-test-kit-executor-3] INFO kafka.server.BrokerServer -- [BrokerServer id=0] Finished waiting for controller quorum voters future
19:45:24.834 [quorum-controller-0-event-handler] WARN org.apache.kafka.controller.QuorumController -- [QuorumController id=0] Performing controller activation. The metadata log appears to be empty. Appending 1 bootstrap record(s) in metadata transaction at metadata.version 3.6-IV2 from bootstrap source 'testkit'. Setting the ZK migration state to NONE since this is a de-novo KRaft cluster.
19:45:24.837 [quorum-controller-0-event-handler] INFO org.apache.kafka.controller.OffsetControlManager -- [QuorumController id=0] Replayed BeginTransactionRecord(name='Bootstrap records') at offset 1.
19:45:24.838 [quorum-controller-0-event-handler] INFO org.apache.kafka.controller.FeatureControlManager -- [QuorumController id=0] Replayed a FeatureLevelRecord setting metadata version to 3.6-IV2
19:45:24.839 [kafka-0-metadata-loader-event-handler] INFO org.apache.kafka.image.loader.MetadataLoader -- [MetadataLoader id=0] initializeNewPublishers: The loader finished catching up to the current high water mark of 1
19:45:24.839 [quorum-controller-0-event-handler] INFO org.apache.kafka.controller.OffsetControlManager -- [QuorumController id=0] Replayed EndTransactionRecord() at offset 4.
19:45:24.846 [broker-0-to-controller-forwarding-channel-manager] INFO kafka.server.BrokerToControllerRequestThread -- [broker-0-to-controller-forwarding-channel-manager]: Starting
19:45:24.849 [broker-0-to-controller-forwarding-channel-manager] INFO kafka.server.BrokerToControllerRequestThread -- [broker-0-to-controller-forwarding-channel-manager]: Recorded new controller, from now on will use node localhost:62030 (id: 0 rack: null)
19:45:24.852 [ExpirationReaper-0-AlterAcls] INFO kafka.server.DelayedOperationPurgatory$ExpiredOperationReaper -- [ExpirationReaper-0-AlterAcls]: Starting
19:45:24.871 [kafka-0-metadata-loader-event-handler] INFO org.apache.kafka.image.loader.MetadataLoader -- [MetadataLoader id=0] InitializeNewPublishers: initializing SnapshotGenerator with a snapshot at offset 0
19:45:24.886 [kafka-cluster-test-kit-executor-2] INFO kafka.server.ControllerServer -- [ControllerServer id=0] Waiting for the controller metadata publishers to be installed
19:45:24.886 [kafka-cluster-test-kit-executor-2] INFO kafka.server.ControllerServer -- [ControllerServer id=0] Finished waiting for the controller metadata publishers to be installed
19:45:24.886 [kafka-0-metadata-loader-event-handler] INFO org.apache.kafka.image.loader.MetadataLoader -- [MetadataLoader id=0] InitializeNewPublishers: initializing FeaturesPublisher with a snapshot at offset 4
19:45:24.887 [kafka-0-metadata-loader-event-handler] INFO org.apache.kafka.image.loader.MetadataLoader -- [MetadataLoader id=0] InitializeNewPublishers: initializing DynamicConfigPublisher controller id=0 with a snapshot at offset 4
19:45:24.887 [kafka-cluster-test-kit-executor-2] INFO kafka.network.SocketServer -- [SocketServer listenerType=CONTROLLER, nodeId=0] Enabling request processing.
19:45:24.888 [kafka-0-metadata-loader-event-handler] INFO org.apache.kafka.image.loader.MetadataLoader -- [MetadataLoader id=0] InitializeNewPublishers: initializing DynamicClientQuotaPublisher controller id=0 with a snapshot at offset 4
19:45:24.889 [kafka-0-metadata-loader-event-handler] INFO org.apache.kafka.image.loader.MetadataLoader -- [MetadataLoader id=0] InitializeNewPublishers: initializing ScramPublisher controller id=0 with a snapshot at offset 4
19:45:24.891 [kafka-cluster-test-kit-executor-3] INFO kafka.network.ConnectionQuotas -- Updated connection-accept-rate max connection creation rate to 2147483647
19:45:24.892 [kafka-0-metadata-loader-event-handler] INFO org.apache.kafka.image.loader.MetadataLoader -- [MetadataLoader id=0] InitializeNewPublishers: initializing DelegationTokenPublisher controller id=0 with a snapshot at offset 4
19:45:24.895 [kafka-cluster-test-kit-executor-3] INFO kafka.network.DataPlaneAcceptor -- Awaiting socket connections on localhost:62031.
19:45:24.895 [kafka-cluster-test-kit-executor-3] INFO kafka.network.DataPlaneAcceptor -- Opened wildcard endpoint localhost:62031
19:45:24.896 [kafka-cluster-test-kit-executor-2] INFO kafka.server.ControllerServer -- [ControllerServer id=0] Waiting for all of the authorizer futures to be completed
19:45:24.897 [kafka-cluster-test-kit-executor-2] INFO kafka.server.ControllerServer -- [ControllerServer id=0] Finished waiting for all of the authorizer futures to be completed
19:45:24.897 [kafka-cluster-test-kit-executor-2] INFO kafka.server.ControllerServer -- [ControllerServer id=0] Waiting for all of the SocketServer Acceptors to be started
19:45:24.897 [kafka-cluster-test-kit-executor-2] INFO kafka.server.ControllerServer -- [ControllerServer id=0] Finished waiting for all of the SocketServer Acceptors to be started
19:45:24.898 [kafka-0-metadata-loader-event-handler] INFO org.apache.kafka.image.loader.MetadataLoader -- [MetadataLoader id=0] InitializeNewPublishers: initializing ControllerMetadataMetricsPublisher with a snapshot at offset 4
19:45:24.899 [kafka-0-metadata-loader-event-handler] INFO org.apache.kafka.image.loader.MetadataLoader -- [MetadataLoader id=0] InitializeNewPublishers: initializing AclPublisher controller id=0 with a snapshot at offset 4
19:45:24.902 [kafka-cluster-test-kit-executor-3] INFO kafka.network.SocketServer -- [SocketServer listenerType=BROKER, nodeId=0] Created data-plane acceptor and processors for endpoint : ListenerName(EXTERNAL)
19:45:24.916 [broker-0-to-controller-alter-partition-channel-manager] INFO kafka.server.BrokerToControllerRequestThread -- [broker-0-to-controller-alter-partition-channel-manager]: Starting
19:45:24.917 [broker-0-to-controller-alter-partition-channel-manager] INFO kafka.server.BrokerToControllerRequestThread -- [broker-0-to-controller-alter-partition-channel-manager]: Recorded new controller, from now on will use node localhost:62030 (id: 0 rack: null)
19:45:24.958 [ExpirationReaper-0-Produce] INFO kafka.server.DelayedOperationPurgatory$ExpiredOperationReaper -- [ExpirationReaper-0-Produce]: Starting
19:45:24.959 [ExpirationReaper-0-Fetch] INFO kafka.server.DelayedOperationPurgatory$ExpiredOperationReaper -- [ExpirationReaper-0-Fetch]: Starting
19:45:24.961 [ExpirationReaper-0-DeleteRecords] INFO kafka.server.DelayedOperationPurgatory$ExpiredOperationReaper -- [ExpirationReaper-0-DeleteRecords]: Starting
19:45:24.963 [ExpirationReaper-0-ElectLeader] INFO kafka.server.DelayedOperationPurgatory$ExpiredOperationReaper -- [ExpirationReaper-0-ElectLeader]: Starting
19:45:24.965 [ExpirationReaper-0-RemoteFetch] INFO kafka.server.DelayedOperationPurgatory$ExpiredOperationReaper -- [ExpirationReaper-0-RemoteFetch]: Starting
19:45:24.997 [ExpirationReaper-0-Heartbeat] INFO kafka.server.DelayedOperationPurgatory$ExpiredOperationReaper -- [ExpirationReaper-0-Heartbeat]: Starting
19:45:24.998 [ExpirationReaper-0-Rebalance] INFO kafka.server.DelayedOperationPurgatory$ExpiredOperationReaper -- [ExpirationReaper-0-Rebalance]: Starting
19:45:25.050 [broker-0-to-controller-heartbeat-channel-manager] INFO kafka.server.BrokerToControllerRequestThread -- [broker-0-to-controller-heartbeat-channel-manager]: Starting
19:45:25.050 [broker-0-to-controller-heartbeat-channel-manager] INFO kafka.server.BrokerToControllerRequestThread -- [broker-0-to-controller-heartbeat-channel-manager]: Recorded new controller, from now on will use node localhost:62030 (id: 0 rack: null)
19:45:25.054 [broker-0-lifecycle-manager-event-handler] INFO kafka.server.BrokerLifecycleManager -- [BrokerLifecycleManager id=0] Incarnation ti0X8da7S6-Da4UAAfYaOA of broker 0 in cluster k0xBsOpRT4O6noGSJjkMfA is now STARTING.
19:45:25.088 [ExpirationReaper-0-AlterAcls] INFO kafka.server.DelayedOperationPurgatory$ExpiredOperationReaper -- [ExpirationReaper-0-AlterAcls]: Starting
19:45:25.144 [kafka-cluster-test-kit-executor-3] INFO kafka.server.BrokerServer -- [BrokerServer id=0] Waiting for the broker metadata publishers to be installed
19:45:25.145 [kafka-cluster-test-kit-executor-3] INFO kafka.server.BrokerServer -- [BrokerServer id=0] Finished waiting for the broker metadata publishers to be installed
19:45:25.145 [kafka-0-metadata-loader-event-handler] INFO org.apache.kafka.image.loader.MetadataLoader -- [MetadataLoader id=0] InitializeNewPublishers: initializing BrokerMetadataPublisher with a snapshot at offset 4
19:45:25.145 [kafka-cluster-test-kit-executor-3] INFO kafka.server.BrokerServer -- [BrokerServer id=0] Waiting for the controller to acknowledge that we are caught up
19:45:25.146 [kafka-0-metadata-loader-event-handler] INFO kafka.server.metadata.BrokerMetadataPublisher -- [BrokerMetadataPublisher id=0] Publishing initial metadata at offset OffsetAndEpoch(offset=4, epoch=1) with metadata.version 3.6-IV2.
19:45:25.147 [kafka-0-metadata-loader-event-handler] INFO kafka.log.LogManager -- Loading logs from log dirs ArraySeq(C:\Users\tatia\AppData\Local\Temp\kafka-746147831469835835\broker_0_data0)
19:45:25.154 [kafka-0-metadata-loader-event-handler] INFO kafka.log.LogManager -- No logs found to be loaded in C:\Users\tatia\AppData\Local\Temp\kafka-746147831469835835\broker_0_data0
19:45:25.161 [kafka-0-metadata-loader-event-handler] INFO kafka.log.LogManager -- Loaded 0 logs in 14ms
19:45:25.163 [kafka-0-metadata-loader-event-handler] INFO kafka.log.LogManager -- Starting log cleanup with a period of 300000 ms.
19:45:25.165 [kafka-0-metadata-loader-event-handler] INFO kafka.log.LogManager -- Starting log flusher with a default period of 9223372036854775807 ms.
19:45:25.187 [kafka-0-metadata-loader-event-handler] INFO kafka.log.LogCleaner -- Starting the log cleaner
19:45:25.194 [quorum-controller-0-event-handler] INFO org.apache.kafka.controller.ClusterControlManager -- [QuorumController id=0] Replayed initial RegisterBrokerRecord for broker 0: RegisterBrokerRecord(brokerId=0, isMigratingZkBroker=false, incarnationId=ti0X8da7S6-Da4UAAfYaOA, brokerEpoch=5, endPoints=[BrokerEndpoint(name='EXTERNAL', host='localhost', port=62031, securityProtocol=0)], features=[BrokerFeature(name='metadata.version', minSupportedVersion=1, maxSupportedVersion=14)], rack=null, fenced=true, inControlledShutdown=false)
19:45:25.197 [kafka-log-cleaner-thread-0] INFO kafka.log.LogCleaner$CleanerThread -- [kafka-log-cleaner-thread-0]: Starting
19:45:25.202 [LogDirFailureHandler] INFO kafka.server.ReplicaManager$LogDirFailureHandler -- [LogDirFailureHandler]: Starting
19:45:25.203 [AddPartitionsToTxnSenderThread-0] INFO kafka.server.AddPartitionsToTxnManager -- [AddPartitionsToTxnSenderThread-0]: Starting
19:45:25.206 [kafka-0-metadata-loader-event-handler] INFO kafka.coordinator.group.GroupCoordinator -- [GroupCoordinator 0]: Starting up.
19:45:25.213 [kafka-0-metadata-loader-event-handler] INFO kafka.coordinator.group.GroupCoordinator -- [GroupCoordinator 0]: Startup complete.
19:45:25.213 [kafka-0-metadata-loader-event-handler] INFO kafka.coordinator.transaction.TransactionCoordinator -- [TransactionCoordinator id=0] Starting up.
19:45:25.216 [TxnMarkerSenderThread-0] INFO kafka.coordinator.transaction.TransactionMarkerChannelManager -- [TxnMarkerSenderThread-0]: Starting
19:45:25.217 [kafka-0-metadata-loader-event-handler] INFO kafka.coordinator.transaction.TransactionCoordinator -- [TransactionCoordinator id=0] Startup complete.
19:45:25.221 [kafka-0-metadata-loader-event-handler] INFO kafka.server.metadata.BrokerMetadataPublisher -- [BrokerMetadataPublisher id=0] Updating metadata.version to 14 at offset OffsetAndEpoch(offset=4, epoch=1).
19:45:25.232 [broker-0-to-controller-heartbeat-channel-manager] INFO kafka.server.BrokerLifecycleManager -- [BrokerLifecycleManager id=0] Successfully registered broker 0 with broker epoch 5
19:45:25.258 [broker-0-to-controller-heartbeat-channel-manager] INFO kafka.server.BrokerLifecycleManager -- [BrokerLifecycleManager id=0] The broker has caught up. Transitioning from STARTING to RECOVERY.
19:45:25.258 [kafka-cluster-test-kit-executor-3] INFO kafka.server.BrokerServer -- [BrokerServer id=0] Finished waiting for the controller to acknowledge that we are caught up
19:45:25.258 [kafka-cluster-test-kit-executor-3] INFO kafka.server.BrokerServer -- [BrokerServer id=0] Waiting for the initial broker metadata update to be published
19:45:25.259 [kafka-cluster-test-kit-executor-3] INFO kafka.server.BrokerServer -- [BrokerServer id=0] Finished waiting for the initial broker metadata update to be published
19:45:25.260 [kafka-cluster-test-kit-executor-3] INFO kafka.server.KafkaConfig -- KafkaConfig values: 
	advertised.listeners = null
	alter.config.policy.class.name = null
	alter.log.dirs.replication.quota.window.num = 11
	alter.log.dirs.replication.quota.window.size.seconds = 1
	authorizer.class.name = 
	auto.create.topics.enable = true
	auto.include.jmx.reporter = true
	auto.leader.rebalance.enable = true
	background.threads = 10
	broker.heartbeat.interval.ms = 2000
	broker.id = 0
	broker.id.generation.enable = true
	broker.rack = null
	broker.session.timeout.ms = 9000
	client.quota.callback.class = null
	compression.type = producer
	connection.failed.authentication.delay.ms = 100
	connections.max.idle.ms = 600000
	connections.max.reauth.ms = 0
	control.plane.listener.name = null
	controlled.shutdown.enable = true
	controlled.shutdown.max.retries = 3
	controlled.shutdown.retry.backoff.ms = 5000
	controller.listener.names = CONTROLLER
	controller.quorum.append.linger.ms = 25
	controller.quorum.election.backoff.max.ms = 1000
	controller.quorum.election.timeout.ms = 1000
	controller.quorum.fetch.timeout.ms = 2000
	controller.quorum.request.timeout.ms = 2000
	controller.quorum.retry.backoff.ms = 20
	controller.quorum.voters = [0@0.0.0.0:0]
	controller.quota.window.num = 11
	controller.quota.window.size.seconds = 1
	controller.socket.timeout.ms = 30000
	create.topic.policy.class.name = null
	default.replication.factor = 1
	delegation.token.expiry.check.interval.ms = 3600000
	delegation.token.expiry.time.ms = 86400000
	delegation.token.master.key = null
	delegation.token.max.lifetime.ms = 604800000
	delegation.token.secret.key = null
	delete.records.purgatory.purge.interval.requests = 1
	delete.topic.enable = true
	early.start.listeners = null
	fetch.max.bytes = 57671680
	fetch.purgatory.purge.interval.requests = 1000
	group.consumer.assignors = [org.apache.kafka.coordinator.group.assignor.RangeAssignor]
	group.consumer.heartbeat.interval.ms = 5000
	group.consumer.max.heartbeat.interval.ms = 15000
	group.consumer.max.session.timeout.ms = 60000
	group.consumer.max.size = 2147483647
	group.consumer.min.heartbeat.interval.ms = 5000
	group.consumer.min.session.timeout.ms = 45000
	group.consumer.session.timeout.ms = 45000
	group.coordinator.new.enable = false
	group.coordinator.threads = 1
	group.initial.rebalance.delay.ms = 0
	group.max.session.timeout.ms = 1800000
	group.max.size = 2147483647
	group.min.session.timeout.ms = 6000
	initial.broker.registration.timeout.ms = 60000
	inter.broker.listener.name = EXTERNAL
	inter.broker.protocol.version = 3.6-IV2
	kafka.metrics.polling.interval.secs = 10
	kafka.metrics.reporters = []
	leader.imbalance.check.interval.seconds = 300
	leader.imbalance.per.broker.percentage = 10
	listener.security.protocol.map = EXTERNAL:PLAINTEXT,CONTROLLER:PLAINTEXT
	listeners = EXTERNAL://localhost:0,CONTROLLER://localhost:0
	log.cleaner.backoff.ms = 15000
	log.cleaner.dedupe.buffer.size = 2097152
	log.cleaner.delete.retention.ms = 86400000
	log.cleaner.enable = true
	log.cleaner.io.buffer.load.factor = 0.9
	log.cleaner.io.buffer.size = 524288
	log.cleaner.io.max.bytes.per.second = 1.7976931348623157E308
	log.cleaner.max.compaction.lag.ms = 9223372036854775807
	log.cleaner.min.cleanable.ratio = 0.5
	log.cleaner.min.compaction.lag.ms = 0
	log.cleaner.threads = 1
	log.cleanup.policy = [delete]
	log.dir = /tmp/kafka-logs
	log.dirs = C:\Users\tatia\AppData\Local\Temp\kafka-746147831469835835\broker_0_data0
	log.flush.interval.messages = 9223372036854775807
	log.flush.interval.ms = null
	log.flush.offset.checkpoint.interval.ms = 60000
	log.flush.scheduler.interval.ms = 9223372036854775807
	log.flush.start.offset.checkpoint.interval.ms = 60000
	log.index.interval.bytes = 4096
	log.index.size.max.bytes = 10485760
	log.local.retention.bytes = -2
	log.local.retention.ms = -2
	log.message.downconversion.enable = true
	log.message.format.version = 3.0-IV1
	log.message.timestamp.after.max.ms = 9223372036854775807
	log.message.timestamp.before.max.ms = 9223372036854775807
	log.message.timestamp.difference.max.ms = 9223372036854775807
	log.message.timestamp.type = CreateTime
	log.preallocate = false
	log.retention.bytes = -1
	log.retention.check.interval.ms = 300000
	log.retention.hours = 168
	log.retention.minutes = null
	log.retention.ms = null
	log.roll.hours = 168
	log.roll.jitter.hours = 0
	log.roll.jitter.ms = null
	log.roll.ms = null
	log.segment.bytes = 1073741824
	log.segment.delete.delay.ms = 60000
	max.connection.creation.rate = 2147483647
	max.connections = 2147483647
	max.connections.per.ip = 2147483647
	max.connections.per.ip.overrides = 
	max.incremental.fetch.session.cache.slots = 1000
	message.max.bytes = 1048588
	metadata.log.dir = C:\Users\tatia\AppData\Local\Temp\kafka-746147831469835835\controller_0
	metadata.log.max.record.bytes.between.snapshots = 20971520
	metadata.log.max.snapshot.interval.ms = 3600000
	metadata.log.segment.bytes = 1073741824
	metadata.log.segment.min.bytes = 8388608
	metadata.log.segment.ms = 604800000
	metadata.max.idle.interval.ms = 500
	metadata.max.retention.bytes = 104857600
	metadata.max.retention.ms = 604800000
	metric.reporters = []
	metrics.num.samples = 2
	metrics.recording.level = INFO
	metrics.sample.window.ms = 30000
	min.insync.replicas = 1
	node.id = 0
	num.io.threads = 8
	num.network.threads = 3
	num.partitions = 1
	num.recovery.threads.per.data.dir = 1
	num.replica.alter.log.dirs.threads = null
	num.replica.fetchers = 1
	offset.metadata.max.bytes = 4096
	offsets.commit.required.acks = -1
	offsets.commit.timeout.ms = 5000
	offsets.load.buffer.size = 5242880
	offsets.retention.check.interval.ms = 600000
	offsets.retention.minutes = 10080
	offsets.topic.compression.codec = 0
	offsets.topic.num.partitions = 50
	offsets.topic.replication.factor = 1
	offsets.topic.segment.bytes = 104857600
	password.encoder.cipher.algorithm = AES/CBC/PKCS5Padding
	password.encoder.iterations = 4096
	password.encoder.key.length = 128
	password.encoder.keyfactory.algorithm = null
	password.encoder.old.secret = null
	password.encoder.secret = null
	principal.builder.class = class org.apache.kafka.common.security.authenticator.DefaultKafkaPrincipalBuilder
	process.roles = [broker, controller]
	producer.id.expiration.check.interval.ms = 600000
	producer.id.expiration.ms = 86400000
	producer.purgatory.purge.interval.requests = 1000
	queued.max.request.bytes = -1
	queued.max.requests = 500
	quota.window.num = 11
	quota.window.size.seconds = 1
	remote.log.index.file.cache.total.size.bytes = 1073741824
	remote.log.manager.task.interval.ms = 30000
	remote.log.manager.task.retry.backoff.max.ms = 30000
	remote.log.manager.task.retry.backoff.ms = 500
	remote.log.manager.task.retry.jitter = 0.2
	remote.log.manager.thread.pool.size = 10
	remote.log.metadata.custom.metadata.max.bytes = 128
	remote.log.metadata.manager.class.name = org.apache.kafka.server.log.remote.metadata.storage.TopicBasedRemoteLogMetadataManager
	remote.log.metadata.manager.class.path = null
	remote.log.metadata.manager.impl.prefix = rlmm.config.
	remote.log.metadata.manager.listener.name = null
	remote.log.reader.max.pending.tasks = 100
	remote.log.reader.threads = 10
	remote.log.storage.manager.class.name = null
	remote.log.storage.manager.class.path = null
	remote.log.storage.manager.impl.prefix = rsm.config.
	remote.log.storage.system.enable = false
	replica.fetch.backoff.ms = 1000
	replica.fetch.max.bytes = 1048576
	replica.fetch.min.bytes = 1
	replica.fetch.response.max.bytes = 10485760
	replica.fetch.wait.max.ms = 500
	replica.high.watermark.checkpoint.interval.ms = 5000
	replica.lag.time.max.ms = 30000
	replica.selector.class = null
	replica.socket.receive.buffer.bytes = 65536
	replica.socket.timeout.ms = 30000
	replication.quota.window.num = 11
	replication.quota.window.size.seconds = 1
	request.timeout.ms = 30000
	reserved.broker.max.id = 1000
	sasl.client.callback.handler.class = null
	sasl.enabled.mechanisms = [GSSAPI]
	sasl.jaas.config = null
	sasl.kerberos.kinit.cmd = /usr/bin/kinit
	sasl.kerberos.min.time.before.relogin = 60000
	sasl.kerberos.principal.to.local.rules = [DEFAULT]
	sasl.kerberos.service.name = null
	sasl.kerberos.ticket.renew.jitter = 0.05
	sasl.kerberos.ticket.renew.window.factor = 0.8
	sasl.login.callback.handler.class = null
	sasl.login.class = null
	sasl.login.connect.timeout.ms = null
	sasl.login.read.timeout.ms = null
	sasl.login.refresh.buffer.seconds = 300
	sasl.login.refresh.min.period.seconds = 60
	sasl.login.refresh.window.factor = 0.8
	sasl.login.refresh.window.jitter = 0.05
	sasl.login.retry.backoff.max.ms = 10000
	sasl.login.retry.backoff.ms = 100
	sasl.mechanism.controller.protocol = GSSAPI
	sasl.mechanism.inter.broker.protocol = GSSAPI
	sasl.oauthbearer.clock.skew.seconds = 30
	sasl.oauthbearer.expected.audience = null
	sasl.oauthbearer.expected.issuer = null
	sasl.oauthbearer.jwks.endpoint.refresh.ms = 3600000
	sasl.oauthbearer.jwks.endpoint.retry.backoff.max.ms = 10000
	sasl.oauthbearer.jwks.endpoint.retry.backoff.ms = 100
	sasl.oauthbearer.jwks.endpoint.url = null
	sasl.oauthbearer.scope.claim.name = scope
	sasl.oauthbearer.sub.claim.name = sub
	sasl.oauthbearer.token.endpoint.url = null
	sasl.server.callback.handler.class = null
	sasl.server.max.receive.size = 524288
	security.inter.broker.protocol = PLAINTEXT
	security.providers = null
	server.max.startup.time.ms = 600000
	socket.connection.setup.timeout.max.ms = 30000
	socket.connection.setup.timeout.ms = 10000
	socket.listen.backlog.size = 50
	socket.receive.buffer.bytes = 102400
	socket.request.max.bytes = 104857600
	socket.send.buffer.bytes = 102400
	ssl.cipher.suites = []
	ssl.client.auth = none
	ssl.enabled.protocols = [TLSv1.2, TLSv1.3]
	ssl.endpoint.identification.algorithm = https
	ssl.engine.factory.class = null
	ssl.key.password = null
	ssl.keymanager.algorithm = SunX509
	ssl.keystore.certificate.chain = null
	ssl.keystore.key = null
	ssl.keystore.location = null
	ssl.keystore.password = null
	ssl.keystore.type = JKS
	ssl.principal.mapping.rules = DEFAULT
	ssl.protocol = TLSv1.3
	ssl.provider = null
	ssl.secure.random.implementation = null
	ssl.trustmanager.algorithm = PKIX
	ssl.truststore.certificates = null
	ssl.truststore.location = null
	ssl.truststore.password = null
	ssl.truststore.type = JKS
	transaction.abort.timed.out.transaction.cleanup.interval.ms = 10000
	transaction.max.timeout.ms = 900000
	transaction.partition.verification.enable = true
	transaction.remove.expired.transaction.cleanup.interval.ms = 3600000
	transaction.state.log.load.buffer.size = 5242880
	transaction.state.log.min.isr = 2
	transaction.state.log.num.partitions = 50
	transaction.state.log.replication.factor = 3
	transaction.state.log.segment.bytes = 104857600
	transactional.id.expiration.ms = 604800000
	unclean.leader.election.enable = false
	unstable.api.versions.enable = false
	zookeeper.clientCnxnSocket = null
	zookeeper.connect = null
	zookeeper.connection.timeout.ms = null
	zookeeper.max.in.flight.requests = 10
	zookeeper.metadata.migration.enable = false
	zookeeper.metadata.migration.min.batch.size = 200
	zookeeper.session.timeout.ms = 18000
	zookeeper.set.acl = false
	zookeeper.ssl.cipher.suites = null
	zookeeper.ssl.client.enable = false
	zookeeper.ssl.crl.enable = false
	zookeeper.ssl.enabled.protocols = null
	zookeeper.ssl.endpoint.identification.algorithm = HTTPS
	zookeeper.ssl.keystore.location = null
	zookeeper.ssl.keystore.password = null
	zookeeper.ssl.keystore.type = null
	zookeeper.ssl.ocsp.enable = false
	zookeeper.ssl.protocol = TLSv1.2
	zookeeper.ssl.truststore.location = null
	zookeeper.ssl.truststore.password = null
	zookeeper.ssl.truststore.type = null

19:45:25.271 [kafka-cluster-test-kit-executor-3] INFO kafka.server.BrokerServer -- [BrokerServer id=0] Waiting for the broker to be unfenced
19:45:25.273 [broker-0-to-controller-heartbeat-channel-manager] INFO kafka.server.BrokerLifecycleManager -- [BrokerLifecycleManager id=0] The broker is in RECOVERY.
19:45:25.274 [quorum-controller-0-event-handler] INFO org.apache.kafka.controller.BrokerHeartbeatManager -- [QuorumController id=0] The request from broker 0 to unfence has been granted because it has caught up with the offset of its register broker record 5.
19:45:25.282 [quorum-controller-0-event-handler] INFO org.apache.kafka.controller.ClusterControlManager -- [QuorumController id=0] Replayed BrokerRegistrationChangeRecord modifying the registration for broker 0: BrokerRegistrationChangeRecord(brokerId=0, brokerEpoch=5, fenced=-1, inControlledShutdown=0)
19:45:25.322 [broker-0-to-controller-heartbeat-channel-manager] INFO kafka.server.BrokerLifecycleManager -- [BrokerLifecycleManager id=0] The broker has been unfenced. Transitioning from RECOVERY to RUNNING.
19:45:25.322 [kafka-cluster-test-kit-executor-3] INFO kafka.server.BrokerServer -- [BrokerServer id=0] Finished waiting for the broker to be unfenced
19:45:25.323 [kafka-cluster-test-kit-executor-3] INFO org.apache.kafka.server.network.EndpointReadyFutures -- authorizerStart completed for endpoint EXTERNAL. Endpoint is now READY.
19:45:25.323 [kafka-cluster-test-kit-executor-3] INFO kafka.network.SocketServer -- [SocketServer listenerType=BROKER, nodeId=0] Enabling request processing.
19:45:25.324 [kafka-cluster-test-kit-executor-3] INFO kafka.server.BrokerServer -- [BrokerServer id=0] Waiting for all of the authorizer futures to be completed
19:45:25.324 [kafka-cluster-test-kit-executor-3] INFO kafka.server.BrokerServer -- [BrokerServer id=0] Finished waiting for all of the authorizer futures to be completed
19:45:25.324 [kafka-cluster-test-kit-executor-3] INFO kafka.server.BrokerServer -- [BrokerServer id=0] Waiting for all of the SocketServer Acceptors to be started
19:45:25.324 [kafka-cluster-test-kit-executor-3] INFO kafka.server.BrokerServer -- [BrokerServer id=0] Finished waiting for all of the SocketServer Acceptors to be started
19:45:25.324 [kafka-cluster-test-kit-executor-3] INFO kafka.server.BrokerServer -- [BrokerServer id=0] Transition from STARTING to STARTED
19:45:25.338 [main] INFO org.apache.kafka.clients.admin.AdminClientConfig -- AdminClientConfig values: 
	auto.include.jmx.reporter = true
	bootstrap.servers = [localhost:62031]
	client.dns.lookup = use_all_dns_ips
	client.id = 
	connections.max.idle.ms = 300000
	default.api.timeout.ms = 60000
	metadata.max.age.ms = 300000
	metric.reporters = []
	metrics.num.samples = 2
	metrics.recording.level = INFO
	metrics.sample.window.ms = 30000
	receive.buffer.bytes = 65536
	reconnect.backoff.max.ms = 1000
	reconnect.backoff.ms = 50
	request.timeout.ms = 30000
	retries = 2147483647
	retry.backoff.ms = 100
	sasl.client.callback.handler.class = null
	sasl.jaas.config = null
	sasl.kerberos.kinit.cmd = /usr/bin/kinit
	sasl.kerberos.min.time.before.relogin = 60000
	sasl.kerberos.service.name = null
	sasl.kerberos.ticket.renew.jitter = 0.05
	sasl.kerberos.ticket.renew.window.factor = 0.8
	sasl.login.callback.handler.class = null
	sasl.login.class = null
	sasl.login.connect.timeout.ms = null
	sasl.login.read.timeout.ms = null
	sasl.login.refresh.buffer.seconds = 300
	sasl.login.refresh.min.period.seconds = 60
	sasl.login.refresh.window.factor = 0.8
	sasl.login.refresh.window.jitter = 0.05
	sasl.login.retry.backoff.max.ms = 10000
	sasl.login.retry.backoff.ms = 100
	sasl.mechanism = GSSAPI
	sasl.oauthbearer.clock.skew.seconds = 30
	sasl.oauthbearer.expected.audience = null
	sasl.oauthbearer.expected.issuer = null
	sasl.oauthbearer.jwks.endpoint.refresh.ms = 3600000
	sasl.oauthbearer.jwks.endpoint.retry.backoff.max.ms = 10000
	sasl.oauthbearer.jwks.endpoint.retry.backoff.ms = 100
	sasl.oauthbearer.jwks.endpoint.url = null
	sasl.oauthbearer.scope.claim.name = scope
	sasl.oauthbearer.sub.claim.name = sub
	sasl.oauthbearer.token.endpoint.url = null
	security.protocol = PLAINTEXT
	security.providers = null
	send.buffer.bytes = 131072
	socket.connection.setup.timeout.max.ms = 30000
	socket.connection.setup.timeout.ms = 10000
	ssl.cipher.suites = null
	ssl.enabled.protocols = [TLSv1.2, TLSv1.3]
	ssl.endpoint.identification.algorithm = https
	ssl.engine.factory.class = null
	ssl.key.password = null
	ssl.keymanager.algorithm = SunX509
	ssl.keystore.certificate.chain = null
	ssl.keystore.key = null
	ssl.keystore.location = null
	ssl.keystore.password = null
	ssl.keystore.type = JKS
	ssl.protocol = TLSv1.3
	ssl.provider = null
	ssl.secure.random.implementation = null
	ssl.trustmanager.algorithm = PKIX
	ssl.truststore.certificates = null
	ssl.truststore.location = null
	ssl.truststore.password = null
	ssl.truststore.type = JKS

19:45:25.356 [main] INFO org.apache.kafka.common.utils.AppInfoParser -- Kafka version: 3.6.2
19:45:25.357 [main] INFO org.apache.kafka.common.utils.AppInfoParser -- Kafka commitId: c4deed513057c94e
19:45:25.357 [main] INFO org.apache.kafka.common.utils.AppInfoParser -- Kafka startTimeMs: 1748990725356
19:45:25.413 [quorum-controller-0-event-handler] INFO org.apache.kafka.controller.ReplicationControlManager -- [QuorumController id=0] CreateTopics result(s): CreatableTopic(name='pedido.criado', numPartitions=1, replicationFactor=1, assignments=[], configs=[]): SUCCESS
19:45:25.414 [quorum-controller-0-event-handler] INFO org.apache.kafka.controller.ReplicationControlManager -- [QuorumController id=0] Replayed TopicRecord for topic pedido.criado with topic ID B8kOk0oLSWalKkdJV4igyw.
19:45:25.415 [quorum-controller-0-event-handler] INFO org.apache.kafka.controller.ReplicationControlManager -- [QuorumController id=0] Replayed PartitionRecord for new partition pedido.criado-0 with topic ID B8kOk0oLSWalKkdJV4igyw and PartitionRegistration(replicas=[0], isr=[0], removingReplicas=[], addingReplicas=[], leader=0, leaderRecoveryState=RECOVERED, leaderEpoch=0, partitionEpoch=0).
19:45:25.449 [kafka-0-metadata-loader-event-handler] INFO state.change.logger -- [Broker id=0] Transitioning 1 partition(s) to local leaders.
19:45:25.454 [kafka-0-metadata-loader-event-handler] INFO kafka.server.ReplicaFetcherManager -- [ReplicaFetcherManager on broker 0] Removed fetcher for partitions Set(pedido.criado-0)
19:45:25.455 [kafka-admin-client-thread | adminclient-1] INFO org.apache.kafka.common.utils.AppInfoParser -- App info kafka.admin.client for adminclient-1 unregistered
19:45:25.456 [kafka-0-metadata-loader-event-handler] INFO state.change.logger -- [Broker id=0] Creating new partition pedido.criado-0 with topic id B8kOk0oLSWalKkdJV4igyw.
19:45:25.458 [kafka-admin-client-thread | adminclient-1] INFO org.apache.kafka.common.metrics.Metrics -- Metrics scheduler closed
19:45:25.459 [kafka-admin-client-thread | adminclient-1] INFO org.apache.kafka.common.metrics.Metrics -- Closing reporter org.apache.kafka.common.metrics.JmxReporter
19:45:25.459 [kafka-admin-client-thread | adminclient-1] INFO org.apache.kafka.common.metrics.Metrics -- Metrics reporters closed
19:45:25.495 [kafka-0-metadata-loader-event-handler] INFO kafka.log.UnifiedLog$ -- [LogLoader partition=pedido.criado-0, dir=C:\Users\tatia\AppData\Local\Temp\kafka-746147831469835835\broker_0_data0] Loading producer state till offset 0 with message format version 2
19:45:25.498 [kafka-0-metadata-loader-event-handler] INFO kafka.log.LogManager -- Created log for partition pedido.criado-0 in C:\Users\tatia\AppData\Local\Temp\kafka-746147831469835835\broker_0_data0\pedido.criado-0 with properties {}
19:45:25.499 [kafka-0-metadata-loader-event-handler] INFO kafka.cluster.Partition -- [Partition pedido.criado-0 broker=0] No checkpointed highwatermark is found for partition pedido.criado-0
19:45:25.503 [kafka-0-metadata-loader-event-handler] INFO kafka.cluster.Partition -- [Partition pedido.criado-0 broker=0] Log loaded for partition pedido.criado-0 with initial high watermark 0
19:45:25.508 [kafka-0-metadata-loader-event-handler] INFO state.change.logger -- [Broker id=0] Leader pedido.criado-0 with topic id Some(B8kOk0oLSWalKkdJV4igyw) starts at leader epoch 0 from offset 0 with partition epoch 0, high watermark 0, ISR [0], adding replicas [] and removing replicas [] . Previous leader None and previous leader epoch was -1.
]]></system-out>
  </testcase>
</testsuite>